TN:
SF:__fixtures__\result.js
FNF:0
FNH:0
DA:1,1
DA:2,1
DA:3,1
DA:4,1
DA:5,1
DA:6,1
DA:7,1
DA:8,1
DA:9,1
DA:10,1
LF:10
LH:10
BRF:0
BRH:0
end_of_record
TN:
SF:src\index.js
FN:5,resolvePath
FN:9,generateDiff
FN:36,showDiff
FNF:3
FNH:3
FNDA:2,resolvePath
FNDA:1,generateDiff
FNDA:1,showDiff
DA:1,1
DA:2,1
DA:3,1
DA:4,1
DA:5,2
DA:6,2
DA:7,2
DA:8,1
DA:9,1
DA:10,1
DA:11,1
DA:12,1
DA:13,1
DA:14,1
DA:15,1
DA:16,1
DA:17,1
DA:18,5
DA:19,2
DA:20,5
DA:21,1
DA:22,3
DA:23,2
DA:24,1
DA:25,1
DA:26,1
DA:27,1
DA:28,1
DA:29,2
DA:30,5
DA:31,1
DA:32,1
DA:33,1
DA:34,1
DA:35,1
DA:36,1
DA:37,1
DA:38,1
DA:39,1
DA:40,1
DA:41,1
DA:42,1
DA:43,1
DA:44,1
DA:45,1
DA:46,1
LF:46
LH:46
BRDA:5,0,0,2
BRDA:9,1,0,1
BRDA:17,2,0,5
BRDA:18,3,0,4
BRDA:18,4,0,2
BRDA:20,5,0,3
BRDA:20,6,0,1
BRDA:20,7,0,1
BRDA:22,8,0,2
BRDA:23,9,0,1
BRDA:36,10,0,1
BRF:11
BRH:11
end_of_record
